[debug] > Exec(early(addDefaultCommands), None, None)
[debug] > Exec(addDefaultCommands, None, None)
[debug] > Exec(early(initialize), None, None)
[debug] > Exec(initialize, None, None)
[debug] > Exec(boot, None, None)
[debug] > Exec(writeSbtVersion, None, None)
[debug] > Exec(reload, None, None)
[debug] > Exec(sbtStashOnFailure, None, None)
[debug] > Exec(onFailure loadFailed, None, None)
[debug] > Exec(loadp, None, None)
[info] welcome to sbt 1.6.2 (Oracle Corporation Java 15.0.1)
[debug] Load.defaultLoad until apply took 1488.53574ms
[debug]           Load.loadUnit: plugins took 81.416892ms
[debug]           Load.loadUnit: defsScala took 0.180477ms
[debug] [Loading] Scanning directory /Users/aleksandar77np/Desktop/JoyoDev/DS-Spark/project
[debug] [Loading] Found non-root projects 
[debug] [Loading] Done in /Users/aleksandar77np/Desktop/JoyoDev/DS-Spark/project, returning: ()
[debug] deducing auto plugins based on known facts Set(Atom(sbt.plugins.CorePlugin)) and clauses Clauses(Clause(Atom(sbt.plugins.JvmPlugin),Set(Atom(sbt.plugins.IvyPlugin)))
[debug] Clause(Atom(sbt.ScriptedPlugin),Set(Atom(sbt.plugins.JvmPlugin)))
[debug] Clause(Atom(sbt.plugins.SbtPlugin),Set(Atom(sbt.ScriptedPlugin)))
[debug] Clause(Atom(sbt.plugins.SemanticdbPlugin),Set(Atom(sbt.plugins.JvmPlugin)))
[debug] Clause(Atom(sbt.plugins.JUnitXmlReportPlugin),Set(Atom(sbt.plugins.JvmPlugin)))
[debug] Clause(Atom(sbt.plugins.MiniDependencyTreePlugin),Set(Atom(sbt.plugins.JvmPlugin)))
[debug] Clause(Atom(sbt.plugins.CorePlugin),Set(Atom(sbt.plugins.IvyPlugin)))
[debug] Clause(Atom(sbt.plugins.IvyPlugin),Set(Atom(sbt.plugins.JvmPlugin)))
[debug] Clause(Atom(sbt.plugins.JvmPlugin),Set(Atom(sbt.plugins.SemanticdbPlugin)))
[debug] Clause(Atom(sbt.plugins.JvmPlugin),Set(Atom(sbt.plugins.JUnitXmlReportPlugin)))
[debug] Clause(Atom(sbt.plugins.CorePlugin),Set(Atom(sbt.plugins.Giter8TemplatePlugin)))
[debug] Clause(Atom(sbt.plugins.JvmPlugin),Set(Atom(sbt.plugins.MiniDependencyTreePlugin))))
[debug]   :: deduced result: Matched(sbt.plugins.CorePlugin,sbt.plugins.Giter8TemplatePlugin,sbt.plugins.IvyPlugin,sbt.plugins.JvmPlugin,sbt.plugins.MiniDependencyTreePlugin,sbt.plugins.JUnitXmlReportPlugin,sbt.plugins.SemanticdbPlugin)
[debug] Plugins.deducer#function took 11.852381 ms
[debug]               Load.resolveProject(ds-spark-build) took 49.266965ms
[debug]             Load.loadTransitive: finalizeProject(Project(id ds-spark-build, base: /Users/aleksandar77np/Desktop/JoyoDev/DS-Spark/project, plugins: List(<none>))) took 79.500678ms
[debug] [Loading] Done in /Users/aleksandar77np/Desktop/JoyoDev/DS-Spark/project, returning: (ds-spark-build)
[debug]           Load.loadUnit: loadedProjectsRaw took 92.803179ms
[debug]           Load.loadUnit: cleanEvalClasses took 0.174873ms
[debug]         Load.loadUnit(file:/Users/aleksandar77np/Desktop/JoyoDev/DS-Spark/project/, ...) took 178.455156ms
[debug]       Load.apply: load took 887.083343ms
[debug]       Load.apply: resolveProjects took 10.989331ms
[debug]       Load.apply: finalTransforms took 59.234041ms
[debug]       Load.apply: config.delegates took 5.002693ms
[debug]       Load.apply: Def.make(settings)... took 498.860879ms
[debug]       Load.apply: structureIndex took 75.697608ms
[debug]       Load.apply: mkStreams took 0.955279ms
[info] loading project definition from /Users/aleksandar77np/Desktop/JoyoDev/DS-Spark/project
[debug] Running task... Cancel: Signal, check cycles: false, forcegc: true
[debug]     Load.loadUnit: plugins took 2830.478904ms
[debug]     Load.loadUnit: defsScala took 0.004802ms
[debug] [Loading] Scanning directory /Users/aleksandar77np/Desktop/JoyoDev/DS-Spark
[debug]       Load.loadUnit: mkEval took 4.045906ms
[debug] [Loading] Found non-root projects 
[debug] [Loading] Done in /Users/aleksandar77np/Desktop/JoyoDev/DS-Spark, returning: ()
[debug] deducing auto plugins based on known facts Set(Atom(sbt.plugins.CorePlugin)) and clauses Clauses(Clause(Atom(sbt.plugins.JvmPlugin),Set(Atom(sbt.plugins.IvyPlugin)))
[debug] Clause(Atom(sbt.ScriptedPlugin),Set(Atom(sbt.plugins.JvmPlugin)))
[debug] Clause(Atom(sbt.plugins.SbtPlugin),Set(Atom(sbt.ScriptedPlugin)))
[debug] Clause(Atom(sbt.plugins.SemanticdbPlugin),Set(Atom(sbt.plugins.JvmPlugin)))
[debug] Clause(Atom(sbt.plugins.JUnitXmlReportPlugin),Set(Atom(sbt.plugins.JvmPlugin)))
[debug] Clause(Atom(sbt.plugins.MiniDependencyTreePlugin),Set(Atom(sbt.plugins.JvmPlugin)))
[debug] Clause(Atom(sbt.plugins.CorePlugin),Set(Atom(sbt.plugins.IvyPlugin)))
[debug] Clause(Atom(sbt.plugins.IvyPlugin),Set(Atom(sbt.plugins.JvmPlugin)))
[debug] Clause(Atom(sbt.plugins.JvmPlugin),Set(Atom(sbt.plugins.SemanticdbPlugin)))
[debug] Clause(Atom(sbt.plugins.JvmPlugin),Set(Atom(sbt.plugins.JUnitXmlReportPlugin)))
[debug] Clause(Atom(sbt.plugins.CorePlugin),Set(Atom(sbt.plugins.Giter8TemplatePlugin)))
[debug] Clause(Atom(sbt.plugins.JvmPlugin),Set(Atom(sbt.plugins.MiniDependencyTreePlugin))))
[debug]   :: deduced result: Matched(sbt.plugins.CorePlugin,sbt.plugins.Giter8TemplatePlugin,sbt.plugins.IvyPlugin,sbt.plugins.JvmPlugin,sbt.plugins.MiniDependencyTreePlugin,sbt.plugins.JUnitXmlReportPlugin,sbt.plugins.SemanticdbPlugin)
[debug] Plugins.deducer#function took 1.157052 ms
[info] loading settings for project ds-spark from build.sbt ...
[debug]         Load.resolveProject(ds-spark) took 1.573259ms
[debug]       Load.loadTransitive: finalizeProject(Project(id ds-spark, base: /Users/aleksandar77np/Desktop/JoyoDev/DS-Spark, plugins: List(<none>))) took 3.084881ms
[debug] [Loading] Done in /Users/aleksandar77np/Desktop/JoyoDev/DS-Spark, returning: (ds-spark)
[debug]     Load.loadUnit: loadedProjectsRaw took 1864.520824ms
[debug]     Load.loadUnit: cleanEvalClasses took 5.77155ms
[debug]   Load.loadUnit(file:/Users/aleksandar77np/Desktop/JoyoDev/DS-Spark/, ...) took 4701.857877ms
[debug] Load.apply: load took 4729.261459ms
[debug] Load.apply: resolveProjects took 0.072978ms
[debug] Load.apply: finalTransforms took 6.836229ms
[debug] Load.apply: config.delegates took 0.248955ms
[debug] Load.apply: Def.make(settings)... took 89.308311ms
[debug] Load.apply: structureIndex took 26.111576ms
[debug] Load.apply: mkStreams took 0.002069ms
[info] set current project to DS-Spark (in build file:/Users/aleksandar77np/Desktop/JoyoDev/DS-Spark/)
[debug] > Exec(sbtPopOnFailure, None, None)
[debug] > Exec(resumeFromFailure, None, None)
[debug] > Exec(notifyUsersAboutShell, None, None)
[debug] > Exec(iflast shell, None, None)
[debug] > Exec(shell, None, None)
[info] sbt server started at local:///Users/aleksandar77np/.sbt/1.0/server/159d82077e3f7befcb1b/sock
[debug] Writing bsp connection file
[info] started sbt server
